<?xml version="1.0" encoding="UTF-8"?>
<!-- Generated by org.testng.reporters.JUnitXMLReporter -->
<testsuite hostname="DESKTOP-7OR325N" ignored="0" name="Test" tests="3" failures="0" timestamp="2021-03-03T15:43:08 IST" time="119.978" errors="0">
  <testcase name="travelInsurance" time="53.271" classname="com.policybazaar.primary.Car_Insurance"/>
  <testcase name="healthInsurance" time="32.123" classname="com.policybazaar.primary.Health_Insurance"/>
  <testcase name="travelInsurance" time="34.479" classname="com.policybazaar.primary.Travel_Insurance"/>
</testsuite> <!-- Test -->
