<?xml version="1.0" encoding="UTF-8"?>
<!-- Generated by org.testng.reporters.JUnitXMLReporter -->
<testsuite hostname="DESKTOP-7OR325N" ignored="0" name="Test" tests="3" failures="0" timestamp="2021-02-26T12:12:36 IST" time="139.19" errors="0">
  <testcase name="travelInsurance" time="27.6" classname="com.policybazaar.primary.Car_Insurance"/>
  <testcase name="healthInsurance" time="74.914" classname="com.policybazaar.primary.Health_Insurance"/>
  <testcase name="travelInsurance" time="36.594" classname="com.policybazaar.primary.Travel_Insurance"/>
</testsuite> <!-- Test -->
