<?xml version="1.0" encoding="UTF-8"?>
<testng-results skipped="0" failed="0" ignored="0" total="3" passed="3">
  <reporter-output>
  </reporter-output>
  <suite name="Suite" duration-ms="119978" started-at="2021-03-03T15:41:08 IST" finished-at="2021-03-03T15:43:08 IST">
    <groups>
    </groups>
    <test name="Test" duration-ms="119978" started-at="2021-03-03T15:41:08 IST" finished-at="2021-03-03T15:43:08 IST">
      <class name="com.policybazaar.primary.Health_Insurance">
        <test-method status="PASS" signature="healthInsurance()[pri:3, instance:com.policybazaar.primary.Health_Insurance@5d20e46]" name="healthInsurance" duration-ms="32123" started-at="2021-03-03T15:42:02 IST" finished-at="2021-03-03T15:42:34 IST">
          <reporter-output>
          </reporter-output>
        </test-method> <!-- healthInsurance -->
        <test-method status="PASS" signature="afterMethod(org.testng.ITestResult)[pri:0, instance:com.policybazaar.primary.Health_Insurance@5d20e46]" name="afterMethod" is-config="true" duration-ms="1" started-at="2021-03-03T15:42:34 IST" finished-at="2021-03-03T15:42:34 IST">
          <params>
            <param index="0">
              <value>
                <![CDATA[[TestResult name=healthInsurance status=SUCCESS method=Health_Insurance.healthInsurance()[pri:3, instance:com.policybazaar.primary.Health_Insurance@5d20e46] output={null}]]]>
              </value>
            </param>
          </params>
          <reporter-output>
          </reporter-output>
        </test-method> <!-- afterMethod -->
      </class> <!-- com.policybazaar.primary.Health_Insurance -->
      <class name="com.policybazaar.primary.Travel_Insurance">
        <test-method status="PASS" signature="travelInsurance()[pri:1, instance:com.policybazaar.primary.Travel_Insurance@709ba3fb]" name="travelInsurance" duration-ms="34479" started-at="2021-03-03T15:42:34 IST" finished-at="2021-03-03T15:43:08 IST">
          <reporter-output>
          </reporter-output>
        </test-method> <!-- travelInsurance -->
        <test-method status="PASS" signature="afterMethod(org.testng.ITestResult)[pri:0, instance:com.policybazaar.primary.Travel_Insurance@709ba3fb]" name="afterMethod" is-config="true" duration-ms="1" started-at="2021-03-03T15:43:08 IST" finished-at="2021-03-03T15:43:08 IST">
          <params>
            <param index="0">
              <value>
                <![CDATA[[TestResult name=travelInsurance status=SUCCESS method=Travel_Insurance.travelInsurance()[pri:1, instance:com.policybazaar.primary.Travel_Insurance@709ba3fb] output={null}]]]>
              </value>
            </param>
          </params>
          <reporter-output>
          </reporter-output>
        </test-method> <!-- afterMethod -->
        <test-method status="PASS" signature="stop()[pri:0, instance:com.policybazaar.primary.Travel_Insurance@709ba3fb]" name="stop" is-config="true" duration-ms="796" started-at="2021-03-03T15:43:08 IST" finished-at="2021-03-03T15:43:09 IST">
          <reporter-output>
          </reporter-output>
        </test-method> <!-- stop -->
      </class> <!-- com.policybazaar.primary.Travel_Insurance -->
      <class name="com.policybazaar.primary.Car_Insurance">
        <test-method status="PASS" signature="travelInsurance()[pri:2, instance:com.policybazaar.primary.Car_Insurance@7364985f]" name="travelInsurance" duration-ms="53271" started-at="2021-03-03T15:41:08 IST" finished-at="2021-03-03T15:42:02 IST">
          <reporter-output>
          </reporter-output>
        </test-method> <!-- travelInsurance -->
        <test-method status="PASS" signature="afterMethod(org.testng.ITestResult)[pri:0, instance:com.policybazaar.primary.Car_Insurance@7364985f]" name="afterMethod" is-config="true" duration-ms="21" started-at="2021-03-03T15:42:02 IST" finished-at="2021-03-03T15:42:02 IST">
          <params>
            <param index="0">
              <value>
                <![CDATA[[TestResult name=travelInsurance status=SUCCESS method=Car_Insurance.travelInsurance()[pri:2, instance:com.policybazaar.primary.Car_Insurance@7364985f] output={null}]]]>
              </value>
            </param>
          </params>
          <reporter-output>
          </reporter-output>
        </test-method> <!-- afterMethod -->
      </class> <!-- com.policybazaar.primary.Car_Insurance -->
    </test> <!-- Test -->
  </suite> <!-- Suite -->
</testng-results>
